{
  "RSpec": {
    "coverage": {
      "/Users/nicholasmcenroe/turing_work/3mod/projects/rails_engine_fe_7/rails_engine_fe_7/config/environment.rb": {
        "lines": [
          null,
          1,
          null,
          null,
          1
        ]
      },
      "/Users/nicholasmcenroe/turing_work/3mod/projects/rails_engine_fe_7/rails_engine_fe_7/config/application.rb": {
        "lines": [
          1,
          null,
          1,
          null,
          1,
          1,
          1,
          1,
          1,
          1,
          1,
          1,
          1,
          1,
          null,
          null,
          null,
          null,
          1,
          null,
          1,
          1,
          null,
          1,
          null,
          null,
          null,
          null,
          null,
          null,
          null,
          null,
          null,
          null,
          1,
          null,
          null
        ]
      },
      "/Users/nicholasmcenroe/turing_work/3mod/projects/rails_engine_fe_7/rails_engine_fe_7/config/boot.rb": {
        "lines": [
          1,
          null,
          1,
          1
        ]
      },
      "/Users/nicholasmcenroe/turing_work/3mod/projects/rails_engine_fe_7/rails_engine_fe_7/config/environments/test.rb": {
        "lines": [
          1,
          null,
          null,
          null,
          null,
          null,
          null,
          1,
          null,
          null,
          null,
          1,
          null,
          null,
          null,
          null,
          1,
          null,
          null,
          1,
          1,
          null,
          null,
          null,
          null,
          1,
          1,
          1,
          null,
          null,
          1,
          null,
          null,
          1,
          null,
          null,
          1,
          null,
          1,
          null,
          null,
          null,
          null,
          1,
          null,
          null,
          1,
          null,
          null,
          1,
          null,
          null,
          1,
          null,
          null,
          null,
          null,
          null,
          null,
          null
        ]
      },
      "/Users/nicholasmcenroe/turing_work/3mod/projects/rails_engine_fe_7/rails_engine_fe_7/config/initializers/assets.rb": {
        "lines": [
          null,
          null,
          null,
          1,
          null,
          null,
          null,
          null,
          null,
          null,
          null,
          null
        ]
      },
      "/Users/nicholasmcenroe/turing_work/3mod/projects/rails_engine_fe_7/rails_engine_fe_7/config/initializers/content_security_policy.rb": {
        "lines": [
          null,
          null,
          null,
          null,
          null,
          null,
          null,
          null,
          null,
          null,
          null,
          null,
          null,
          null,
          null,
          null,
          null,
          null,
          null,
          null,
          null,
          null,
          null,
          null,
          null
        ]
      },
      "/Users/nicholasmcenroe/turing_work/3mod/projects/rails_engine_fe_7/rails_engine_fe_7/config/initializers/filter_parameter_logging.rb": {
        "lines": [
          null,
          null,
          null,
          null,
          null,
          1,
          null,
          null
        ]
      },
      "/Users/nicholasmcenroe/turing_work/3mod/projects/rails_engine_fe_7/rails_engine_fe_7/config/initializers/inflections.rb": {
        "lines": [
          null,
          null,
          null,
          null,
          null,
          null,
          null,
          null,
          null,
          null,
          null,
          null,
          null,
          null,
          null,
          null
        ]
      },
      "/Users/nicholasmcenroe/turing_work/3mod/projects/rails_engine_fe_7/rails_engine_fe_7/config/initializers/permissions_policy.rb": {
        "lines": [
          null,
          null,
          null,
          null,
          null,
          null,
          null,
          null,
          null,
          null,
          null
        ]
      },
      "/Users/nicholasmcenroe/turing_work/3mod/projects/rails_engine_fe_7/rails_engine_fe_7/config/routes.rb": {
        "lines": [
          1,
          null,
          null,
          null,
          null,
          1,
          null
        ]
      },
      "/Users/nicholasmcenroe/turing_work/3mod/projects/rails_engine_fe_7/rails_engine_fe_7/app/helpers/application_helper.rb": {
        "lines": [
          1,
          null
        ]
      },
      "/Users/nicholasmcenroe/turing_work/3mod/projects/rails_engine_fe_7/rails_engine_fe_7/app/facades/merchant_facade.rb": {
        "lines": [
          1,
          1,
          1,
          4,
          null,
          null,
          1,
          2,
          null,
          2,
          200,
          null,
          null,
          null,
          1,
          2,
          null,
          2,
          53,
          null,
          null,
          null
        ]
      },
      "/Users/nicholasmcenroe/turing_work/3mod/projects/rails_engine_fe_7/rails_engine_fe_7/spec/features/merchants/index_spec.rb": {
        "lines": [
          1,
          null,
          1,
          1,
          1,
          null,
          1,
          null,
          1,
          1,
          null,
          null
        ]
      },
      "/Users/nicholasmcenroe/turing_work/3mod/projects/rails_engine_fe_7/rails_engine_fe_7/spec/features/merchants/show_spec.rb": {
        "lines": [
          1,
          null,
          1,
          1,
          1,
          null,
          1,
          1,
          null,
          null
        ]
      },
      "/Users/nicholasmcenroe/turing_work/3mod/projects/rails_engine_fe_7/rails_engine_fe_7/spec/poros/item_spec.rb": {
        "lines": [
          1,
          null,
          1,
          1,
          null,
          1,
          null,
          null,
          null,
          null,
          1,
          null,
          1,
          1,
          null,
          null
        ]
      },
      "/Users/nicholasmcenroe/turing_work/3mod/projects/rails_engine_fe_7/rails_engine_fe_7/app/poros/item.rb": {
        "lines": [
          1,
          1,
          1,
          53,
          null,
          null
        ]
      },
      "/Users/nicholasmcenroe/turing_work/3mod/projects/rails_engine_fe_7/rails_engine_fe_7/spec/poros/merchant_spec.rb": {
        "lines": [
          1,
          null,
          1,
          1,
          null,
          1,
          null,
          null,
          null,
          null,
          1,
          null,
          1,
          1,
          null,
          null
        ]
      },
      "/Users/nicholasmcenroe/turing_work/3mod/projects/rails_engine_fe_7/rails_engine_fe_7/app/poros/merchant.rb": {
        "lines": [
          1,
          1,
          1,
          202,
          null,
          null
        ]
      },
      "/Users/nicholasmcenroe/turing_work/3mod/projects/rails_engine_fe_7/rails_engine_fe_7/spec/services/merchant_database_service_spec.rb": {
        "lines": [
          1,
          null,
          1,
          1,
          1,
          1,
          1,
          1,
          1,
          null,
          1,
          null,
          1,
          1,
          null,
          null,
          null,
          1,
          1,
          1,
          1,
          1,
          null,
          1,
          null,
          1,
          1,
          null,
          null,
          null,
          null,
          null
        ]
      },
      "/Users/nicholasmcenroe/turing_work/3mod/projects/rails_engine_fe_7/rails_engine_fe_7/app/services/merchant_database_service.rb": {
        "lines": [
          1,
          1,
          6,
          null,
          null,
          1,
          6,
          6,
          null,
          null,
          1,
          3,
          null,
          null,
          1,
          3,
          null,
          null
        ]
      },
      "/Users/nicholasmcenroe/turing_work/3mod/projects/rails_engine_fe_7/rails_engine_fe_7/app/controllers/merchants_controller.rb": {
        "lines": [
          1,
          1,
          1,
          null,
          null,
          1,
          1,
          null,
          null
        ]
      },
      "/Users/nicholasmcenroe/turing_work/3mod/projects/rails_engine_fe_7/rails_engine_fe_7/app/controllers/application_controller.rb": {
        "lines": [
          1,
          null
        ]
      }
    },
    "timestamp": 1698340052
  }
}
